<?xml version="1.0" encoding="UTF-8"?>
<!-- Generated by org.testng.reporters.JUnitReportReporter -->
<testsuite hostname="LAPTOP-CEAOOLIL" failures="0" tests="1" name="testcase.TC_001_LoginPage" time="19.778" errors="0" timestamp="2025-08-11T19:27:53 IST" skipped="0">
  <testcase classname="testcase.TC_001_LoginPage" name="createAccount1" time="19.778"/>
</testsuite> <!-- testcase.TC_001_LoginPage -->
