<?xml version="1.0" encoding="UTF-8"?>
<!-- Generated by org.testng.reporters.JUnitReportReporter -->
<testsuite hostname="LAPTOP-CEAOOLIL" failures="0" tests="1" name="testcase.TC_001_CreateLead" time="59.695" errors="0" timestamp="2025-08-11T12:04:30 IST" skipped="0">
  <testcase classname="testcase.TC_001_CreateLead" name="createLead" time="59.695"/>
</testsuite> <!-- testcase.TC_001_CreateLead -->
