<?xml version="1.0" encoding="UTF-8"?>
<!-- Generated by org.testng.reporters.JUnitReportReporter -->
<testsuite hostname="LAPTOP-CEAOOLIL" failures="0" tests="3" name="runner.runner" time="51.821" errors="0" timestamp="2025-08-11T18:18:02 IST" skipped="0">
  <testcase classname="runner.runner" name="runScenario" time="15.938"/>
  <testcase classname="runner.runner" name="runScenario" time="18.063"/>
  <testcase classname="runner.runner" name="runScenario" time="17.820"/>
</testsuite> <!-- runner.runner -->
