<?xml version="1.0" encoding="UTF-8"?>
<!-- Generated by org.testng.reporters.JUnitReportReporter -->
<testsuite hostname="LAPTOP-CEAOOLIL" failures="0" tests="1" name="runner.runner" time="15.213" errors="0" timestamp="2025-08-08T18:33:39 IST" skipped="0">
  <testcase classname="runner.runner" name="runScenario" time="15.213"/>
</testsuite> <!-- runner.runner -->
